15:29:44.577 [TRACE] i.g.h.e.r.DefaultStatsProcessor - 
>>>>>>>>>>>>>>>>>>>>>>>>>>
Request:
/contacts.php: OK 
=========================
Session:
Session(mainScenario,1,1662553783894,Map(gatling.http.ssl.sslContexts -> SslContexts(io.netty.handler.ssl.OpenSslClientContext@50d4481e,None), gatling.http.cache.dns -> io.gatling.http.cache.DnsCacheSupport$$anon$1@c2c6c63, gatling.http.cache.baseUrl -> https://test.k6.io, gatling.http.referer -> https://test.k6.io/contacts.php),0,OK,List(),io.gatling.core.protocol.ProtocolComponentsRegistry$$Lambda$498/0x0000000801060d50@61a6b485)
=========================
HTTP request:
GET https://test.k6.io/contacts.php
headers=
Accept: test/html,application/xhtml+xml,appplication/xml;q=0.9,*/*;q=0.8
Accept-Language: en-US,en;q=0.5
accept-encoding: gzip, deflate
host: test.k6.io
=========================
HTTP response:
status=
200 OK
headers= 
Date: Wed, 07 Sep 2022 12:29:45 GMT
Content-Type: text/html; charset=UTF-8
Transfer-Encoding: chunked
Connection: keep-alive
X-Powered-By: PHP/5.6.40

body=
<!DOCTYPE HTML PUBLIC "-//W3C//DTD HTML 4.01 Transitional//EN">
<html>
<head>
<title>Contacts</title>
<meta http-equiv="Content-Type" content="text/html; charset=UTF-8">
<link rel="icon" href="/static/favicon.ico" sizes="32x32">
</head>
<body>
<p><a href="/">&lt; Back</a></p>

<h3>Contact us</h3>
<address>
k6 (Load Impact AB)<br>
G&ouml;tgatan 14<br>
118 46 Stockholm, Sweden<br>
<b>support@k6.io</b><br>
</address>

<p><small>Imitation page. Copyright &copy; 2022, k6.io</small></p>

</body>
</html>

<<<<<<<<<<<<<<<<<<<<<<<<<
